c:\users\anii_\desktop\juce - workspace\expansorstereo\builds\visualstudio2019\x64\debug\shared code\include_juce_audio_devices.obj
c:\users\anii_\desktop\juce - workspace\expansorstereo\builds\visualstudio2019\x64\debug\shared code\include_juce_events.obj
c:\users\anii_\desktop\juce - workspace\expansorstereo\builds\visualstudio2019\x64\debug\shared code\include_juce_audio_utils.obj
c:\users\anii_\desktop\juce - workspace\expansorstereo\builds\visualstudio2019\x64\debug\shared code\include_juce_gui_basics.obj
c:\users\anii_\desktop\juce - workspace\expansorstereo\builds\visualstudio2019\x64\debug\shared code\plugineditor.obj
c:\users\anii_\desktop\juce - workspace\expansorstereo\builds\visualstudio2019\x64\debug\shared code\include_juce_data_structures.obj
c:\users\anii_\desktop\juce - workspace\expansorstereo\builds\visualstudio2019\x64\debug\shared code\include_juce_opengl.obj
c:\users\anii_\desktop\juce - workspace\expansorstereo\builds\visualstudio2019\x64\debug\shared code\include_juce_audio_plugin_client_utils.obj
c:\users\anii_\desktop\juce - workspace\expansorstereo\builds\visualstudio2019\x64\debug\shared code\include_juce_dsp.obj
c:\users\anii_\desktop\juce - workspace\expansorstereo\builds\visualstudio2019\x64\debug\shared code\include_juce_audio_processors.obj
c:\users\anii_\desktop\juce - workspace\expansorstereo\builds\visualstudio2019\x64\debug\shared code\pluginprocessor.obj
c:\users\anii_\desktop\juce - workspace\expansorstereo\builds\visualstudio2019\x64\debug\shared code\include_juce_cryptography.obj
c:\users\anii_\desktop\juce - workspace\expansorstereo\builds\visualstudio2019\x64\debug\shared code\include_juce_gui_extra.obj
c:\users\anii_\desktop\juce - workspace\expansorstereo\builds\visualstudio2019\x64\debug\shared code\include_juce_audio_formats.obj
c:\users\anii_\desktop\juce - workspace\expansorstereo\builds\visualstudio2019\x64\debug\shared code\include_juce_graphics.obj
c:\users\anii_\desktop\juce - workspace\expansorstereo\builds\visualstudio2019\x64\debug\shared code\include_juce_audio_basics.obj
c:\users\anii_\desktop\juce - workspace\expansorstereo\builds\visualstudio2019\x64\debug\shared code\include_juce_core.obj
c:\users\anii_\desktop\juce - workspace\expansorstereo\builds\visualstudio2019\x64\debug\shared code\expansorstereo_sharedcode.pdb
c:\users\anii_\desktop\juce - workspace\expansorstereo\builds\visualstudio2019\x64\debug\shared code\expansorstereo.lib
c:\users\anii_\desktop\juce - workspace\expansorstereo\builds\visualstudio2019\x64\debug\shared code\expansor.ad653fdd.tlog\cl.12080.write.1.tlog
c:\users\anii_\desktop\juce - workspace\expansorstereo\builds\visualstudio2019\x64\debug\shared code\expansor.ad653fdd.tlog\cl.command.1.tlog
c:\users\anii_\desktop\juce - workspace\expansorstereo\builds\visualstudio2019\x64\debug\shared code\expansor.ad653fdd.tlog\cl.read.1.tlog
c:\users\anii_\desktop\juce - workspace\expansorstereo\builds\visualstudio2019\x64\debug\shared code\expansor.ad653fdd.tlog\lib-link.read.1.tlog
c:\users\anii_\desktop\juce - workspace\expansorstereo\builds\visualstudio2019\x64\debug\shared code\expansor.ad653fdd.tlog\lib-link.write.1.tlog
c:\users\anii_\desktop\juce - workspace\expansorstereo\builds\visualstudio2019\x64\debug\shared code\expansor.ad653fdd.tlog\lib.command.1.tlog
